         5003222 function calls (5003144 primitive calls) in 47.319 seconds

   Ordered by: standard name

   ncalls  tottime  percall  cumtime  percall filename:lineno(function)
       24    0.000    0.000    0.000    0.000 <frozen importlib._bootstrap>:1009(_handle_fromlist)
       14    0.000    0.000    0.000    0.000 <frozen importlib._bootstrap>:103(release)
       13    0.000    0.000    0.000    0.000 <frozen importlib._bootstrap>:143(__init__)
       13    0.000    0.000    0.000    0.000 <frozen importlib._bootstrap>:147(__enter__)
       13    0.000    0.000    0.000    0.000 <frozen importlib._bootstrap>:151(__exit__)
       14    0.000    0.000    0.000    0.000 <frozen importlib._bootstrap>:157(_get_module_lock)
       13    0.000    0.000    0.000    0.000 <frozen importlib._bootstrap>:176(cb)
        1    0.000    0.000    0.000    0.000 <frozen importlib._bootstrap>:194(_lock_unlock_module)
     17/3    0.000    0.000    0.012    0.004 <frozen importlib._bootstrap>:211(_call_with_frames_removed)
      171    0.000    0.000    0.000    0.000 <frozen importlib._bootstrap>:222(_verbose_message)
       13    0.000    0.000    0.000    0.000 <frozen importlib._bootstrap>:307(__init__)
       13    0.000    0.000    0.000    0.000 <frozen importlib._bootstrap>:311(__enter__)
       13    0.000    0.000    0.000    0.000 <frozen importlib._bootstrap>:318(__exit__)
       52    0.000    0.000    0.000    0.000 <frozen importlib._bootstrap>:321(<genexpr>)
        9    0.000    0.000    0.000    0.000 <frozen importlib._bootstrap>:35(_new_module)
       13    0.000    0.000    0.000    0.000 <frozen importlib._bootstrap>:369(__init__)
       22    0.000    0.000    0.000    0.000 <frozen importlib._bootstrap>:403(cached)
       21    0.000    0.000    0.000    0.000 <frozen importlib._bootstrap>:416(parent)
       13    0.000    0.000    0.000    0.000 <frozen importlib._bootstrap>:424(has_location)
       13    0.000    0.000    0.000    0.000 <frozen importlib._bootstrap>:504(_init_module_attrs)
     13/9    0.000    0.000    0.008    0.001 <frozen importlib._bootstrap>:576(module_from_spec)
       13    0.000    0.000    0.000    0.000 <frozen importlib._bootstrap>:58(__init__)
     13/2    0.000    0.000    0.013    0.006 <frozen importlib._bootstrap>:663(_load_unlocked)
       13    0.000    0.000    0.000    0.000 <frozen importlib._bootstrap>:719(find_spec)
       14    0.000    0.000    0.000    0.000 <frozen importlib._bootstrap>:78(acquire)
       13    0.000    0.000    0.000    0.000 <frozen importlib._bootstrap>:792(find_spec)
       39    0.000    0.000    0.000    0.000 <frozen importlib._bootstrap>:855(__enter__)
       39    0.000    0.000    0.000    0.000 <frozen importlib._bootstrap>:859(__exit__)
       13    0.000    0.000    0.002    0.000 <frozen importlib._bootstrap>:882(_find_spec)
     13/2    0.000    0.000    0.013    0.007 <frozen importlib._bootstrap>:948(_find_and_load_unlocked)
     13/2    0.000    0.000    0.013    0.007 <frozen importlib._bootstrap>:978(_find_and_load)
        4    0.000    0.000    0.000    0.000 <frozen importlib._bootstrap_external>:1029(__init__)
      4/3    0.000    0.000    0.007    0.002 <frozen importlib._bootstrap_external>:1040(create_module)
        4    0.000    0.000    0.000    0.000 <frozen importlib._bootstrap_external>:1048(exec_module)
        3    0.000    0.000    0.000    0.000 <frozen importlib._bootstrap_external>:1190(_path_hooks)
       40    0.000    0.000    0.000    0.000 <frozen importlib._bootstrap_external>:1203(_path_importer_cache)
       13    0.000    0.000    0.002    0.000 <frozen importlib._bootstrap_external>:1240(_get_spec)
       13    0.000    0.000    0.002    0.000 <frozen importlib._bootstrap_external>:1272(find_spec)
        3    0.000    0.000    0.000    0.000 <frozen importlib._bootstrap_external>:1319(__init__)
       24    0.000    0.000    0.000    0.000 <frozen importlib._bootstrap_external>:1325(<genexpr>)
       13    0.000    0.000    0.000    0.000 <frozen importlib._bootstrap_external>:1351(_get_spec)
       33    0.000    0.000    0.002    0.000 <frozen importlib._bootstrap_external>:1356(find_spec)
        3    0.000    0.000    0.000    0.000 <frozen importlib._bootstrap_external>:1404(_fill_cache)
        3    0.000    0.000    0.000    0.000 <frozen importlib._bootstrap_external>:1433(<setcomp>)
        3    0.000    0.000    0.000    0.000 <frozen importlib._bootstrap_external>:1445(path_hook_for_FileFinder)
       18    0.000    0.000    0.000    0.000 <frozen importlib._bootstrap_external>:271(cache_from_source)
       33    0.000    0.000    0.000    0.000 <frozen importlib._bootstrap_external>:36(_relax_case)
       13    0.000    0.000    0.000    0.000 <frozen importlib._bootstrap_external>:369(_get_cached)
        9    0.000    0.000    0.000    0.000 <frozen importlib._bootstrap_external>:401(_check_name_wrapper)
        9    0.000    0.000    0.000    0.000 <frozen importlib._bootstrap_external>:438(_classify_pyc)
        9    0.000    0.000    0.000    0.000 <frozen importlib._bootstrap_external>:471(_validate_timestamp_pyc)
       27    0.000    0.000    0.000    0.000 <frozen importlib._bootstrap_external>:51(_r_long)
        9    0.000    0.000    0.000    0.000 <frozen importlib._bootstrap_external>:523(_compile_bytecode)
      160    0.000    0.000    0.000    0.000 <frozen importlib._bootstrap_external>:56(_path_join)
       13    0.000    0.000    0.000    0.000 <frozen importlib._bootstrap_external>:574(spec_from_file_location)
      160    0.000    0.000    0.000    0.000 <frozen importlib._bootstrap_external>:58(<listcomp>)
       18    0.000    0.000    0.000    0.000 <frozen importlib._bootstrap_external>:62(_path_split)
        9    0.000    0.000    0.000    0.000 <frozen importlib._bootstrap_external>:719(create_module)
      9/2    0.000    0.000    0.012    0.006 <frozen importlib._bootstrap_external>:722(exec_module)
       64    0.000    0.000    0.001    0.000 <frozen importlib._bootstrap_external>:74(_path_stat)
        9    0.000    0.000    0.005    0.001 <frozen importlib._bootstrap_external>:793(get_code)
       22    0.000    0.000    0.000    0.000 <frozen importlib._bootstrap_external>:84(_path_is_mode_type)
        9    0.000    0.000    0.000    0.000 <frozen importlib._bootstrap_external>:884(__init__)
        9    0.000    0.000    0.000    0.000 <frozen importlib._bootstrap_external>:909(get_filename)
        9    0.000    0.000    0.004    0.000 <frozen importlib._bootstrap_external>:914(get_data)
       19    0.000    0.000    0.000    0.000 <frozen importlib._bootstrap_external>:93(_path_isfile)
        9    0.000    0.000    0.000    0.000 <frozen importlib._bootstrap_external>:951(path_stats)
        3    0.000    0.000    0.000    0.000 <frozen importlib._bootstrap_external>:98(_path_isdir)
        1    0.000    0.000    0.000    0.000 <string>:1(<module>)
        1    0.000    0.000    0.000    0.000 __init__.py:128(Deserializer)
        1    0.000    0.000    0.001    0.001 __init__.py:18(<module>)
        1    0.000    0.000    0.000    0.000 __init__.py:185(DoubleSerializer)
        1    0.000    0.000    0.007    0.007 __init__.py:19(<module>)
        1    0.000    0.000    0.000    0.000 __init__.py:220(DoubleDeserializer)
        1    0.000    0.000    0.000    0.000 __init__.py:254(IntegerSerializer)
        1    0.000    0.000    0.000    0.000 __init__.py:291(IntegerDeserializer)
        1    0.000    0.000    0.000    0.000 __init__.py:316(namedtuple)
        1    0.000    0.000    0.000    0.000 __init__.py:325(StringSerializer)
        1    0.000    0.000    0.000    0.000 __init__.py:34(MessageField)
        1    0.000    0.000    0.000    0.000 __init__.py:374(StringDeserializer)
        4    0.000    0.000    0.000    0.000 __init__.py:388(<genexpr>)
        1    0.000    0.000    0.000    0.000 __init__.py:48(SerializationContext)
        1    0.000    0.000    0.000    0.000 __init__.py:48(ThrottleEvent)
        1    0.000    0.000    0.000    0.000 __init__.py:65(SerializationError)
        1    0.000    0.000    0.000    0.000 __init__.py:70(Serializer)
        1    0.000    0.000    0.000    0.000 abc.py:1(<module>)
        6    0.000    0.000    0.000    0.000 abc.py:125(__new__)
        4    0.000    0.000    0.000    0.000 abc.py:130(register)
      8/4    0.000    0.000    0.000    0.000 abc.py:141(__subclasscheck__)
       42    0.000    0.000    0.000    0.000 abc.py:7(abstractmethod)
        1    0.000    0.000    0.004    0.004 decimal.py:2(<module>)
        1    0.000    0.000    0.006    0.006 deserializing_consumer.py:19(<module>)
        1    0.000    0.000    0.000    0.000 deserializing_consumer.py:27(DeserializingConsumer)
        1    0.000    0.000    0.000    0.000 error.py:109(ProduceError)
        1    0.000    0.000    0.000    0.000 error.py:123(KeySerializationError)
        1    0.000    0.000    0.000    0.000 error.py:137(ValueSerializationError)
        1    0.000    0.000    0.002    0.002 error.py:18(<module>)
        1    0.000    0.000    0.000    0.000 error.py:22(_KafkaClientError)
        1    0.000    0.000    0.000    0.000 error.py:49(ConsumeError)
        1    0.000    0.000    0.000    0.000 error.py:71(KeyDeserializationError)
        1    0.000    0.000    0.000    0.000 error.py:90(ValueDeserializationError)
        1    0.000    0.000   47.319   47.319 main.py:1(<module>)
        1    0.022    0.022    0.022    0.022 main.py:13(read_data_init)
        1    0.000    0.000    0.000    0.000 main.py:22(write_data_init)
       16    0.000    0.000    0.000    0.000 main.py:27(delivery_report)
        1    4.785    4.785   47.306   47.306 main.py:34(data_flow)
        1    0.000    0.000    0.000    0.000 numbers.py:12(Number)
        1    0.000    0.000    0.000    0.000 numbers.py:147(Real)
        1    0.000    0.000    0.000    0.000 numbers.py:267(Rational)
        1    0.000    0.000    0.000    0.000 numbers.py:294(Integral)
        1    0.000    0.000    0.000    0.000 numbers.py:32(Complex)
        1    0.000    0.000    0.000    0.000 numbers.py:6(<module>)
        1    0.000    0.000    0.000    0.000 serializing_producer.py:19(<module>)
        1    0.000    0.000    0.000    0.000 serializing_producer.py:26(SerializingProducer)
        1    0.000    0.000    0.001    0.001 struct.py:3(<module>)
        6    0.000    0.000    0.000    0.000 {built-in method __new__ of type object at 0x10ae6ad50}
        6    0.000    0.000    0.000    0.000 {built-in method _abc._abc_init}
        4    0.000    0.000    0.000    0.000 {built-in method _abc._abc_register}
      8/4    0.000    0.000    0.000    0.000 {built-in method _abc._abc_subclasscheck}
        9    0.000    0.000    0.000    0.000 {built-in method _imp._fix_co_filename}
       66    0.000    0.000    0.000    0.000 {built-in method _imp.acquire_lock}
      4/3    0.004    0.001    0.007    0.002 {built-in method _imp.create_dynamic}
        4    0.000    0.000    0.000    0.000 {built-in method _imp.exec_dynamic}
        7    0.000    0.000    0.000    0.000 {built-in method _imp.is_builtin}
       13    0.000    0.000    0.000    0.000 {built-in method _imp.is_frozen}
       66    0.000    0.000    0.000    0.000 {built-in method _imp.release_lock}
       26    0.000    0.000    0.000    0.000 {built-in method _thread.allocate_lock}
       28    0.000    0.000    0.000    0.000 {built-in method _thread.get_ident}
       26    0.000    0.000    0.001    0.000 {built-in method builtins.__build_class__}
       13    0.000    0.000    0.000    0.000 {built-in method builtins.any}
     11/1    0.000    0.000   47.319   47.319 {built-in method builtins.exec}
       78    0.000    0.000    0.000    0.000 {built-in method builtins.getattr}
       90    0.000    0.000    0.000    0.000 {built-in method builtins.hasattr}
       57    0.000    0.000    0.000    0.000 {built-in method builtins.isinstance}
       62    0.000    0.000    0.000    0.000 {built-in method builtins.len}
       34    0.000    0.000    0.000    0.000 {built-in method builtins.print}
        1    0.000    0.000    0.000    0.000 {built-in method builtins.repr}
        6    0.000    0.000    0.000    0.000 {built-in method builtins.setattr}
        1    0.000    0.000    0.000    0.000 {built-in method confluent_kafka.cimpl.version}
       27    0.000    0.000    0.000    0.000 {built-in method from_bytes}
        9    0.000    0.000    0.000    0.000 {built-in method marshal.loads}
       31    0.000    0.000    0.000    0.000 {built-in method posix.fspath}
        3    0.000    0.000    0.000    0.000 {built-in method posix.listdir}
       64    0.001    0.000    0.001    0.000 {built-in method posix.stat}
        1    0.000    0.000    0.000    0.000 {built-in method sys._getframe}
        1    0.000    0.000    0.000    0.000 {built-in method sys.intern}
       16    0.000    0.000    0.000    0.000 {built-in method ujson.dumps}
  1000000   20.559    0.000   20.559    0.000 {built-in method ujson.loads}
        4    0.000    0.000    0.000    0.000 {method '__contains__' of 'frozenset' objects}
  1000019    0.449    0.000    0.449    0.000 {method 'add' of 'set' objects}
        1    0.014    0.014    0.014    0.014 {method 'close' of 'cimpl.Consumer' objects}
        1    0.000    0.000    0.000    0.000 {method 'disable' of '_lsprof.Profiler' objects}
       16    0.000    0.000    0.000    0.000 {method 'encode' of 'str' objects}
       17    0.000    0.000    0.000    0.000 {method 'endswith' of 'str' objects}
        9    0.000    0.000    0.000    0.000 {method 'extend' of 'list' objects}
        1    0.000    0.000    0.000    0.000 {method 'flush' of 'cimpl.Producer' objects}
       16    0.000    0.000    0.000    0.000 {method 'format' of 'str' objects}
       27    0.000    0.000    0.000    0.000 {method 'get' of 'dict' objects}
        4    0.000    0.000    0.000    0.000 {method 'isidentifier' of 'str' objects}
      179    0.000    0.000    0.000    0.000 {method 'join' of 'str' objects}
        1    0.000    0.000    0.000    0.000 {method 'keys' of 'dict' objects}
       17    0.000    0.000    0.000    0.000 {method 'lower' of 'str' objects}
       16    0.000    0.000    0.000    0.000 {method 'partition' of 'cimpl.Message' objects}
  1000001   21.037    0.000   21.037    0.000 {method 'poll' of 'cimpl.Consumer' objects}
       16    0.000    0.000    0.000    0.000 {method 'poll' of 'cimpl.Producer' objects}
       16    0.000    0.000    0.000    0.000 {method 'produce' of 'cimpl.Producer' objects}
        9    0.003    0.000    0.003    0.000 {method 'read' of '_io.FileIO' objects}
        2    0.000    0.000    0.000    0.000 {method 'replace' of 'str' objects}
      103    0.000    0.000    0.000    0.000 {method 'rpartition' of 'str' objects}
      338    0.000    0.000    0.000    0.000 {method 'rstrip' of 'str' objects}
  1000000    0.305    0.000    0.305    0.000 {method 'setdefault' of 'dict' objects}
        1    0.000    0.000    0.000    0.000 {method 'split' of 'str' objects}
        9    0.000    0.000    0.000    0.000 {method 'startswith' of 'str' objects}
        1    0.000    0.000    0.000    0.000 {method 'subscribe' of 'cimpl.Consumer' objects}
       16    0.000    0.000    0.000    0.000 {method 'topic' of 'cimpl.Message' objects}
  1000000    0.134    0.000    0.134    0.000 {method 'value' of 'cimpl.Message' objects}


